<?xml version="1.0" encoding="UTF-8"?>
<testng-results total="2" passed="2" failed="0" skipped="0">
  <reporter-output>
  </reporter-output>
  <suite started-at="2023-12-30T09:13:56Z" name="Suite" finished-at="2023-12-30T09:14:06Z" duration-ms="9714">
    <groups>
    </groups>
    <test started-at="2023-12-30T09:13:56Z" name="Test" finished-at="2023-12-30T09:14:06Z" duration-ms="9714">
      <class name="com.hrms.testscripts.TC001">
        <test-method signature="tc001()[pri:0, instance:com.hrms.testscripts.TC001@2e55dd0c]" started-at="2023-12-30T14:44:02Z" name="tc001" finished-at="2023-12-30T14:44:06Z" duration-ms="3623" status="PASS">
          <reporter-output>
          </reporter-output>
        </test-method> <!-- tc001 -->
      </class> <!-- com.hrms.testscripts.TC001 -->
      <class name="com.hrms.testscripts.TC002">
        <test-method signature="tc002()[pri:0, instance:com.hrms.testscripts.TC002@68c72235]" started-at="2023-12-30T14:43:56Z" name="tc002" finished-at="2023-12-30T14:44:02Z" duration-ms="6077" status="PASS">
          <reporter-output>
          </reporter-output>
        </test-method> <!-- tc002 -->
      </class> <!-- com.hrms.testscripts.TC002 -->
    </test> <!-- Test -->
  </suite> <!-- Suite -->
</testng-results>
